mode: set
github.com/Bambelbl/iproto-server/packet/request_packet/unmarshaler.go:10.39,12.2 1 1
github.com/Bambelbl/iproto-server/packet/request_packet/unmarshaler.go:15.43,17.2 1 1
github.com/Bambelbl/iproto-server/packet/request_packet/unmarshaler.go:20.42,22.2 1 1
github.com/Bambelbl/iproto-server/packet/request_packet/unmarshaler.go:25.75,26.23 1 1
github.com/Bambelbl/iproto-server/packet/request_packet/unmarshaler.go:37.2,37.18 1 1
github.com/Bambelbl/iproto-server/packet/request_packet/unmarshaler.go:26.23,28.17 2 1
github.com/Bambelbl/iproto-server/packet/request_packet/unmarshaler.go:28.17,30.4 1 0
github.com/Bambelbl/iproto-server/packet/request_packet/unmarshaler.go:31.8,31.30 1 1
github.com/Bambelbl/iproto-server/packet/request_packet/unmarshaler.go:31.30,33.17 2 1
github.com/Bambelbl/iproto-server/packet/request_packet/unmarshaler.go:33.17,35.4 1 0
github.com/Bambelbl/iproto-server/packet/request_packet/unmarshaler.go:41.76,45.44 4 1
github.com/Bambelbl/iproto-server/packet/request_packet/unmarshaler.go:50.2,50.8 1 1
github.com/Bambelbl/iproto-server/packet/request_packet/unmarshaler.go:45.44,47.3 1 1
github.com/Bambelbl/iproto-server/packet/request_packet/unmarshaler.go:47.8,49.3 1 1
