mode: set
github.com/Bambelbl/iproto-server/packet/request_packet/unmarshaler.go:10.39,12.2 1 1
github.com/Bambelbl/iproto-server/packet/request_packet/unmarshaler.go:15.43,17.2 1 1
github.com/Bambelbl/iproto-server/packet/request_packet/unmarshaler.go:20.42,22.2 1 1
github.com/Bambelbl/iproto-server/packet/request_packet/unmarshaler.go:25.95,26.27 1 1
github.com/Bambelbl/iproto-server/packet/request_packet/unmarshaler.go:42.2,42.18 1 1
github.com/Bambelbl/iproto-server/packet/request_packet/unmarshaler.go:26.27,29.17 3 1
github.com/Bambelbl/iproto-server/packet/request_packet/unmarshaler.go:32.3,33.29 2 1
github.com/Bambelbl/iproto-server/packet/request_packet/unmarshaler.go:29.17,31.4 1 0
github.com/Bambelbl/iproto-server/packet/request_packet/unmarshaler.go:34.8,34.34 1 1
github.com/Bambelbl/iproto-server/packet/request_packet/unmarshaler.go:34.34,37.17 3 1
github.com/Bambelbl/iproto-server/packet/request_packet/unmarshaler.go:40.3,40.54 1 1
github.com/Bambelbl/iproto-server/packet/request_packet/unmarshaler.go:37.17,39.4 1 0
github.com/Bambelbl/iproto-server/packet/request_packet/unmarshaler.go:46.76,50.44 4 1
github.com/Bambelbl/iproto-server/packet/request_packet/unmarshaler.go:55.2,55.8 1 1
github.com/Bambelbl/iproto-server/packet/request_packet/unmarshaler.go:50.44,52.3 1 1
github.com/Bambelbl/iproto-server/packet/request_packet/unmarshaler.go:52.8,54.3 1 1
