mode: set
github.com/Bambelbl/iproto-server/storage/repo_mock.go:25.59,29.2 3 0
github.com/Bambelbl/iproto-server/storage/repo_mock.go:32.57,34.2 1 0
github.com/Bambelbl/iproto-server/storage/repo_mock.go:37.38,42.2 4 0
github.com/Bambelbl/iproto-server/storage/repo_mock.go:45.60,48.2 2 0
github.com/Bambelbl/iproto-server/storage/repo_mock.go:51.48,56.2 4 0
github.com/Bambelbl/iproto-server/storage/repo_mock.go:59.75,62.2 2 0
github.com/Bambelbl/iproto-server/storage/repo_mock.go:65.43,68.2 2 0
github.com/Bambelbl/iproto-server/storage/repo_mock.go:71.77,74.2 2 0
github.com/Bambelbl/iproto-server/storage/repo_mock.go:77.53,80.2 2 0
github.com/Bambelbl/iproto-server/storage/repo_mock.go:83.80,86.2 2 0
github.com/Bambelbl/iproto-server/storage/repo.go:26.37,28.2 1 0
github.com/Bambelbl/iproto-server/storage/repo.go:30.48,35.2 4 1
github.com/Bambelbl/iproto-server/storage/repo.go:37.45,42.2 4 1
github.com/Bambelbl/iproto-server/storage/repo.go:44.68,45.36 1 1
github.com/Bambelbl/iproto-server/storage/repo.go:48.2,48.28 1 1
github.com/Bambelbl/iproto-server/storage/repo.go:51.2,54.8 4 1
github.com/Bambelbl/iproto-server/storage/repo.go:45.36,47.3 1 1
github.com/Bambelbl/iproto-server/storage/repo.go:48.28,50.3 1 1
github.com/Bambelbl/iproto-server/storage/repo.go:57.67,58.35 1 1
github.com/Bambelbl/iproto-server/storage/repo.go:61.2,61.28 1 1
github.com/Bambelbl/iproto-server/storage/repo.go:64.2,67.8 4 1
github.com/Bambelbl/iproto-server/storage/repo.go:58.35,60.3 1 1
github.com/Bambelbl/iproto-server/storage/repo.go:61.28,63.3 1 1
