mode: set
github.com/Bambelbl/iproto-server/packet/response_packet/marshaler.go:9.43,13.2 3 1
github.com/Bambelbl/iproto-server/packet/response_packet/marshaler.go:16.39,20.2 3 1
github.com/Bambelbl/iproto-server/packet/response_packet/marshaler.go:23.43,27.2 3 1
github.com/Bambelbl/iproto-server/packet/response_packet/marshaler.go:30.42,34.2 3 1
github.com/Bambelbl/iproto-server/packet/response_packet/marshaler.go:37.54,39.16 2 1
github.com/Bambelbl/iproto-server/packet/response_packet/marshaler.go:42.2,42.17 1 1
github.com/Bambelbl/iproto-server/packet/response_packet/marshaler.go:39.16,41.3 1 0
github.com/Bambelbl/iproto-server/packet/response_packet/marshaler.go:46.68,54.2 7 1
